<testsuites tests="13" failures="0" time="10.802" errors="0" name="impl"><testsuite timestamp="2014-11-01T16:19:50.156Z" hostname="localhost" tests="2" errors="0" failures="0" skipped="0" id="d4905e1" name="implinstallInvoke" package="https://github.com/depify/impl" time="0.014">
<properties><property name="input: source" value="&lt;depify xmlns=&#34;https://github.com/depify&#34; .../&gt; (Base URI: file:///Users/jfuller/Source/2_webcomposite/depify-client/test/impl.xprocspec)"/><property name="input: package" value="&lt;test xmlns=&#34;&#34; .../&gt; (Base URI: file:///Users/jfuller/Source/2_webcomposite/depify-client/test/impl.xprocspec)"/>

<property name="option: package-name" value="transform.xq"/>
<property name="option: package-version" value="1.0"/>

</properties>
<testcase name="theStepShouldExecuteSuccessfullyWithoutThrowingAnyErrors" classname="install" assertions="1" time="0" status="SUCCESS"><system-out>the step should execute successfully without throwing any errors: SUCCESS</system-out>
<system-err/></testcase><testcase name="CheckCorrectContents" classname="install" assertions="1" time="0" status="SUCCESS"><system-out>Check correct contents: SUCCESS</system-out>
<system-err/></testcase></testsuite><testsuite timestamp="2014-11-01T16:19:50.186Z" hostname="localhost" tests="2" errors="0" failures="0" skipped="0" id="d4911e1" name="implinstallPackage" package="https://github.com/depify/impl" time="0.013">
<properties><property name="input: source" value="&lt;depify xmlns=&#34;https://github.com/depify&#34; .../&gt; (Base URI: file:///Users/jfuller/Source/2_webcomposite/depify-client/test/impl.xprocspec)"/><property name="input: package" value="&lt;depify xmlns=&#34;https://github.com/depify&#34; ...&gt;...&lt;/depify&gt; (Base URI: file:///Users/jfuller/Source/2_webcomposite/depify-client/test/impl.xprocspec)"/>

<property name="option: package-name" value="transform.xq"/>
<property name="option: package-version" value="1.0"/>

</properties>
<testcase name="theStepShouldExecuteSuccessfullyWithoutThrowingAnyErrors" classname="install" assertions="1" time="0" status="SUCCESS"><system-out>the step should execute successfully without throwing any errors: SUCCESS</system-out>
<system-err/></testcase><testcase name="CheckCorrectContents" classname="install" assertions="1" time="0" status="SUCCESS"><system-out>Check correct contents: SUCCESS</system-out>
<system-err/></testcase></testsuite><testsuite timestamp="2014-11-01T16:19:50.213Z" hostname="localhost" tests="2" errors="0" failures="0" skipped="0" id="d4916e1" name="implremoveTransformXqPackage" package="https://github.com/depify/impl" time="0.01">
<properties><property name="input: source" value="&lt;depify xmlns=&#34;https://github.com/depify&#34; ...&gt;...&lt;/depify&gt; (Base URI: file:///Users/jfuller/Source/2_webcomposite/depify-client/test/impl.xprocspec)"/>

<property name="option: package-name" value="transform.xq"/>
<property name="option: package-version" value="1.0"/>

</properties>
<testcase name="theStepShouldExecuteSuccessfullyWithoutThrowingAnyErrors" classname="remove" assertions="1" time="0" status="SUCCESS"><system-out>the step should execute successfully without throwing any errors: SUCCESS</system-out>
<system-err/></testcase><testcase name="CheckCorrectContents" classname="remove" assertions="1" time="0" status="SUCCESS"><system-out>Check correct contents: SUCCESS</system-out>
<system-err/></testcase></testsuite><testsuite timestamp="2014-11-01T16:19:50.24Z" hostname="localhost" tests="2" errors="0" failures="0" skipped="0" id="d4921e1" name="impllistinstalledAllPackages" package="https://github.com/depify/impl" time="0.015">
<properties><property name="input: source" value="&lt;depify xmlns=&#34;https://github.com/depify&#34; ...&gt;...&lt;/depify&gt; (Base URI: file:///Users/jfuller/Source/2_webcomposite/depify-client/test/impl.xprocspec)"/>

<property name="option: package-name" value=""/>
<property name="option: package-version" value=""/>

</properties>
<testcase name="theStepShouldExecuteSuccessfullyWithoutThrowingAnyErrors" classname="list-installed" assertions="1" time="0" status="SUCCESS"><system-out>the step should execute successfully without throwing any errors: SUCCESS</system-out>
<system-err/></testcase><testcase name="CheckCorrectContents" classname="list-installed" assertions="1" time="0" status="SUCCESS"><system-out>Check correct contents: SUCCESS</system-out>
<system-err/></testcase></testsuite><testsuite timestamp="2014-11-01T16:19:50.264Z" hostname="localhost" tests="2" errors="0" failures="0" skipped="0" id="d4926e1" name="impllistinstalledSinglePackage" package="https://github.com/depify/impl" time="0.017">
<properties><property name="input: source" value="&lt;depify xmlns=&#34;https://github.com/depify&#34; ...&gt;...&lt;/depify&gt; (Base URI: file:///Users/jfuller/Source/2_webcomposite/depify-client/test/impl.xprocspec)"/>

<property name="option: package-name" value="transform.xq"/>
<property name="option: package-version" value=""/>

</properties>
<testcase name="theStepShouldExecuteSuccessfullyWithoutThrowingAnyErrors" classname="list-installed" assertions="1" time="0" status="SUCCESS"><system-out>the step should execute successfully without throwing any errors: SUCCESS</system-out>
<system-err/></testcase><testcase name="CheckCorrectContents" classname="list-installed" assertions="1" time="0" status="SUCCESS"><system-out>Check correct contents: SUCCESS</system-out>
<system-err/></testcase></testsuite><testsuite timestamp="2014-11-01T16:19:50.298Z" hostname="localhost" tests="2" errors="0" failures="0" skipped="0" id="d4931e1" name="impllistrepoPackages" package="https://github.com/depify/impl" time="1.107">
<properties><property name="input: source" value="&lt;depify xmlns=&#34;https://github.com/depify&#34; .../&gt; (Base URI: file:///Users/jfuller/Source/2_webcomposite/depify-client/test/impl.xprocspec)"/>

<property name="option: package-name" value=""/>
<property name="option: package-version" value=""/>

</properties>
<testcase name="theStepShouldExecuteSuccessfullyWithoutThrowingAnyErrors" classname="list-repo" assertions="1" time="0" status="SUCCESS"><system-out>the step should execute successfully without throwing any errors: SUCCESS</system-out>
<system-err/></testcase><testcase name="CheckCorrectContents" classname="list-repo" assertions="1" time="0" status="SUCCESS"><system-out>Check correct contents: SUCCESS</system-out>
<system-err/></testcase></testsuite><testsuite timestamp="2014-11-01T16:19:50.326Z" hostname="localhost" tests="1" errors="0" failures="0" skipped="0" id="d4936e1" name="implgetpackagefromgithubrepoTest" package="https://github.com/depify/impl" time="1.497">
<properties>

<property name="option: github-download-uri" value="https://github.com/koppor/xmltree.git"/>
<property name="option: app_dir" value="/tmp"/>
<property name="option: app_dir_lib" value="lib"/>

</properties>
<testcase name="theStepShouldExecuteSuccessfullyWithoutThrowingAnyErrors" classname="get-package-from-github-repo" assertions="1" time="0" status="SUCCESS"><system-out>the step should execute successfully without throwing any errors: SUCCESS</system-out>
<system-err/></testcase></testsuite></testsuites>