<testsuites tests="14" failures="0" time="18.782" errors="0" name="impl"><testsuite timestamp="2014-04-13T15:46:15.734Z" hostname="localhost" tests="2" errors="0" failures="0" skipped="0" id="d5466e1" name="implinstallInvoke" package="https://github.com/xquery/depify/impl" time="0.013">
<properties><property name="input: source" value="&lt;depify xmlns=&#34;https://github.com/xquery/depify&#34; .../&gt; (Base URI: file:///Users/jfuller/Source/2_webcomposite/depify/test/impl.xprocspec)"/><property name="input: package" value="&lt;test xmlns=&#34;&#34; .../&gt; (Base URI: file:///Users/jfuller/Source/2_webcomposite/depify/test/impl.xprocspec)"/>

<property name="option: package-name" value="xquery.1.functx"/>
<property name="option: package-version" value="1.0"/>

</properties>
<testcase name="theStepShouldExecuteSuccessfullyWithoutThrowingAnyErrors" classname="install" assertions="1" time="0" status="SUCCESS"><system-out>the step should execute successfully without throwing any errors: SUCCESS</system-out>
<system-err/></testcase><testcase name="CheckCorrectContents" classname="install" assertions="1" time="0" status="SUCCESS"><system-out>Check correct contents: SUCCESS</system-out>
<system-err/></testcase></testsuite><testsuite timestamp="2014-04-13T15:46:15.782Z" hostname="localhost" tests="2" errors="0" failures="0" skipped="0" id="d5472e1" name="implinstallFunctxPackage" package="https://github.com/xquery/depify/impl" time="0.012">
<properties><property name="input: source" value="&lt;depify xmlns=&#34;https://github.com/xquery/depify&#34; .../&gt; (Base URI: file:///Users/jfuller/Source/2_webcomposite/depify/test/impl.xprocspec)"/><property name="input: package" value="&lt;dep xmlns=&#34;https://github.com/xquery/depify&#34; ...&gt;...&lt;/dep&gt; (Base URI: file:///Users/jfuller/Source/2_webcomposite/depify/test/impl.xprocspec)"/>

<property name="option: package-name" value="xquery.1.functx"/>
<property name="option: package-version" value="1.0"/>

</properties>
<testcase name="theStepShouldExecuteSuccessfullyWithoutThrowingAnyErrors" classname="install" assertions="1" time="0" status="SUCCESS"><system-out>the step should execute successfully without throwing any errors: SUCCESS</system-out>
<system-err/></testcase><testcase name="CheckCorrectContents" classname="install" assertions="1" time="0" status="SUCCESS"><system-out>Check correct contents: SUCCESS</system-out>
<system-err/></testcase></testsuite><testsuite timestamp="2014-04-13T15:46:15.823Z" hostname="localhost" tests="2" errors="0" failures="0" skipped="0" id="d5477e1" name="implremoveFunctxPackage" package="https://github.com/xquery/depify/impl" time="0.011">
<properties><property name="input: source" value="&lt;depify xmlns=&#34;https://github.com/xquery/depify&#34; ...&gt;...&lt;/depify&gt; (Base URI: file:///Users/jfuller/Source/2_webcomposite/depify/test/impl.xprocspec)"/>

<property name="option: package-name" value="xquery.1.functx"/>
<property name="option: package-version" value="1.0"/>

</properties>
<testcase name="theStepShouldExecuteSuccessfullyWithoutThrowingAnyErrors" classname="remove" assertions="1" time="0" status="SUCCESS"><system-out>the step should execute successfully without throwing any errors: SUCCESS</system-out>
<system-err/></testcase><testcase name="CheckCorrectContents" classname="remove" assertions="1" time="0" status="SUCCESS"><system-out>Check correct contents: SUCCESS</system-out>
<system-err/></testcase></testsuite><testsuite timestamp="2014-04-13T15:46:15.865Z" hostname="localhost" tests="2" errors="0" failures="0" skipped="0" id="d5482e1" name="impllistinstalledAllPackages" package="https://github.com/xquery/depify/impl" time="0.017">
<properties><property name="input: source" value="&lt;depify xmlns=&#34;https://github.com/xquery/depify&#34; ...&gt;...&lt;/depify&gt; (Base URI: file:///Users/jfuller/Source/2_webcomposite/depify/test/impl.xprocspec)"/>

<property name="option: package-name" value=""/>
<property name="option: package-version" value=""/>

</properties>
<testcase name="theStepShouldExecuteSuccessfullyWithoutThrowingAnyErrors" classname="list-installed" assertions="1" time="0" status="SUCCESS"><system-out>the step should execute successfully without throwing any errors: SUCCESS</system-out>
<system-err/></testcase><testcase name="CheckCorrectContents" classname="list-installed" assertions="1" time="0" status="SUCCESS"><system-out>Check correct contents: SUCCESS</system-out>
<system-err/></testcase></testsuite><testsuite timestamp="2014-04-13T15:46:15.892Z" hostname="localhost" tests="2" errors="0" failures="0" skipped="0" id="d5487e1" name="impllistinstalledSinglePackage" package="https://github.com/xquery/depify/impl" time="0.012">
<properties><property name="input: source" value="&lt;depify xmlns=&#34;https://github.com/xquery/depify&#34; ...&gt;...&lt;/depify&gt; (Base URI: file:///Users/jfuller/Source/2_webcomposite/depify/test/impl.xprocspec)"/>

<property name="option: package-name" value="xquery.1.functx"/>
<property name="option: package-version" value=""/>

</properties>
<testcase name="theStepShouldExecuteSuccessfullyWithoutThrowingAnyErrors" classname="list-installed" assertions="1" time="0" status="SUCCESS"><system-out>the step should execute successfully without throwing any errors: SUCCESS</system-out>
<system-err/></testcase><testcase name="CheckCorrectContents" classname="list-installed" assertions="1" time="0" status="SUCCESS"><system-out>Check correct contents: SUCCESS</system-out>
<system-err/></testcase></testsuite><testsuite timestamp="2014-04-13T15:46:15.933Z" hostname="localhost" tests="2" errors="0" failures="0" skipped="0" id="d5492e1" name="impllistrepoPackages" package="https://github.com/xquery/depify/impl" time="1.422">
<properties><property name="input: source" value="&lt;depify xmlns=&#34;https://github.com/xquery/depify&#34; ...&gt;...&lt;/depify&gt; (Base URI: file:///Users/jfuller/Source/2_webcomposite/depify/test/impl.xprocspec)"/>

<property name="option: package-name" value=""/>
<property name="option: package-version" value=""/>

</properties>
<testcase name="theStepShouldExecuteSuccessfullyWithoutThrowingAnyErrors" classname="list-repo" assertions="1" time="0" status="SUCCESS"><system-out>the step should execute successfully without throwing any errors: SUCCESS</system-out>
<system-err/></testcase><testcase name="CheckCorrectContents" classname="list-repo" assertions="1" time="0" status="SUCCESS"><system-out>Check correct contents: SUCCESS</system-out>
<system-err/></testcase></testsuite><testsuite timestamp="2014-04-13T15:46:15.965Z" hostname="localhost" tests="1" errors="0" failures="0" skipped="0" id="d5497e1" name="implgetpackagefromgithubrepoTest" package="https://github.com/xquery/depify/impl" time="7.027">
<properties>

<property name="option: github-download-uri" value="https://github.com/koppor/xmltree.git"/>
<property name="option: app_dir" value="/tmp/"/>
<property name="option: app_dir_lib" value="lib"/>

</properties>
<testcase name="theStepShouldExecuteSuccessfullyWithoutThrowingAnyErrors" classname="get-package-from-github-repo" assertions="1" time="0" status="SUCCESS"><system-out>the step should execute successfully without throwing any errors: SUCCESS</system-out>
<system-err/></testcase></testsuite><testsuite timestamp="2014-04-13T15:46:15.993Z" hostname="localhost" tests="1" errors="0" failures="0" skipped="0" id="d5502e1" name="implgetpackagefromdepifyrepoTest" package="https://github.com/xquery/depify/impl" time="2.254">
<properties>

<property name="option: depify-download-uri" value="http://depify.com/downloads/js.ecmascript.prettify-1.0.zip"/>
<property name="option: app_dir" value="/tmp"/>
<property name="option: app_dir_lib" value="lib"/>

</properties>
<testcase name="theStepShouldExecuteSuccessfullyWithoutThrowingAnyErrors" classname="get-package-from-depify-repo" assertions="1" time="0" status="SUCCESS"><system-out>the step should execute successfully without throwing any errors: SUCCESS</system-out>
<system-err/></testcase></testsuite></testsuites>